[debug] [2023-12-06T11:26:53.033Z] ----------------------------------------------------------------------
[debug] [2023-12-06T11:26:53.038Z] Command:       C:\Program Files\nodejs\node.exe C:\Program Files\nodejs\node_modules\firebase-tools\lib\bin\firebase.js init hosting
[debug] [2023-12-06T11:26:53.039Z] CLI Version:   12.9.1
[debug] [2023-12-06T11:26:53.040Z] Platform:      win32
[debug] [2023-12-06T11:26:53.040Z] Node Version:  v16.20.0
[debug] [2023-12-06T11:26:53.042Z] Time:          Wed Dec 06 2023 12:26:53 GMT+0100 (за центральноєвропейським стандартним часом)
[debug] [2023-12-06T11:26:53.043Z] ----------------------------------------------------------------------
[debug] 
[debug] [2023-12-06T11:26:53.058Z] > command requires scopes: ["email","openid","https://www.googleapis.com/auth/cloudplatformprojects.readonly","https://www.googleapis.com/auth/firebase","https://www.googleapis.com/auth/cloud-platform"]
[debug] [2023-12-06T11:26:53.059Z] > authorizing via signed-in user (alina.yermolenko27@gmail.com)
[info] 
     ######## #### ########  ######## ########     ###     ######  ########
     ##        ##  ##     ## ##       ##     ##  ##   ##  ##       ##
     ######    ##  ########  ######   ########  #########  ######  ######
     ##        ##  ##    ##  ##       ##     ## ##     ##       ## ##
     ##       #### ##     ## ######## ########  ##     ##  ######  ########

You're about to initialize a Firebase project in this directory:

  C:\Users\alexa\alina\hygge\test-task-angular-developer-image-gallery\angularfirebaseproject

[info] 
=== Project Setup
[info] 
[info] First, let's associate this project directory with a Firebase project.
[info] You can create multiple project aliases by running firebase use --add, 
[info] but for now we'll just set up a default project.
[info] 
[info] i  If you want to create a project in a Google Cloud organization or folder, please use "firebase projects:create" instead, and return to this command when you've created the project. 
[debug] [2023-12-06T11:27:35.614Z] ----------------------------------------------------------------------
[debug] [2023-12-06T11:27:35.618Z] Command:       C:\Program Files\nodejs\node.exe C:\Program Files\nodejs\node_modules\firebase-tools\lib\bin\firebase.js init hosting
[debug] [2023-12-06T11:27:35.620Z] CLI Version:   12.9.1
[debug] [2023-12-06T11:27:35.620Z] Platform:      win32
[debug] [2023-12-06T11:27:35.621Z] Node Version:  v16.20.0
[debug] [2023-12-06T11:27:35.622Z] Time:          Wed Dec 06 2023 12:27:35 GMT+0100 (за центральноєвропейським стандартним часом)
[debug] [2023-12-06T11:27:35.623Z] ----------------------------------------------------------------------
[debug] 
[debug] [2023-12-06T11:27:35.639Z] > command requires scopes: ["email","openid","https://www.googleapis.com/auth/cloudplatformprojects.readonly","https://www.googleapis.com/auth/firebase","https://www.googleapis.com/auth/cloud-platform"]
[debug] [2023-12-06T11:27:35.641Z] > authorizing via signed-in user (alina.yermolenko27@gmail.com)
[info] 
     ######## #### ########  ######## ########     ###     ######  ########
     ##        ##  ##     ## ##       ##     ##  ##   ##  ##       ##
     ######    ##  ########  ######   ########  #########  ######  ######
     ##        ##  ##    ##  ##       ##     ## ##     ##       ## ##
     ##       #### ##     ## ######## ########  ##     ##  ######  ########

You're about to initialize a Firebase project in this directory:

  C:\Users\alexa\alina\hygge\test-task-angular-developer-image-gallery\angularfirebaseproject

[info] 
=== Project Setup
[info] 
[info] First, let's associate this project directory with a Firebase project.
[info] You can create multiple project aliases by running firebase use --add, 
[info] but for now we'll just set up a default project.
[info] 
[debug] [2023-12-06T11:27:47.320Z] >>> [apiv2][query] GET https://firebase.googleapis.com/v1beta1/projects pageSize=100
[debug] [2023-12-06T11:27:47.948Z] <<< [apiv2][status] GET https://firebase.googleapis.com/v1beta1/projects 200
[debug] [2023-12-06T11:27:47.950Z] <<< [apiv2][body] GET https://firebase.googleapis.com/v1beta1/projects [omitted]
[info] i  Using project test-images-2f0d2 (test-images) 
[info] 
=== Hosting Setup
[debug] [2023-12-06T11:27:54.527Z] >>> [apiv2][query] GET https://firebase.googleapis.com/v1beta1/projects/test-images-2f0d2 [none]
[debug] [2023-12-06T11:27:54.804Z] <<< [apiv2][status] GET https://firebase.googleapis.com/v1beta1/projects/test-images-2f0d2 200
[debug] [2023-12-06T11:27:54.804Z] <<< [apiv2][body] GET https://firebase.googleapis.com/v1beta1/projects/test-images-2f0d2 {"projectId":"test-images-2f0d2","projectNumber":"860072545242","displayName":"test-images","name":"projects/test-images-2f0d2","resources":{"hostingSite":"test-images-2f0d2","locationId":"europe-west"},"state":"ACTIVE","etag":"1_03945f9e-1c86-4059-823c-40651758e8fd"}
[info] 
[info] Your public directory is the folder (relative to your project directory) that
[info] will contain Hosting assets to be uploaded with firebase deploy. If you
[info] have a build process for your assets, use your build's output directory.
[info] 
[info] +  Wrote public/404.html 
[debug] [2023-12-06T11:28:22.467Z] >>> [apiv2][query] GET https://www.gstatic.com/firebasejs/releases.json [none]
[debug] [2023-12-06T11:28:22.538Z] <<< [apiv2][status] GET https://www.gstatic.com/firebasejs/releases.json 200
[debug] [2023-12-06T11:28:22.538Z] <<< [apiv2][body] GET https://www.gstatic.com/firebasejs/releases.json {"current":{"version":"10.7.1","browserURL":"https://www.gstatic.com/firebasejs/10.7.1/firebase.js","packageURL":"https://www.gstatic.com/firebasejs/10.7.1/firebase.tgz"},"live":{"version":"10.7","browserURL":"https://www.gstatic.com/firebasejs/live/10.7/firebase.js","packageURL":"https://www.gstatic.com/firebasejs/live/10.7/firebase.tgz"},"components":{"analytics":"https://www.gstatic.com/firebasejs/10.7.1/firebase-analytics.js","app":"https://www.gstatic.com/firebasejs/10.7.1/firebase-app.js","app-check":"https://www.gstatic.com/firebasejs/10.7.1/firebase-app-check.js","auth":"https://www.gstatic.com/firebasejs/10.7.1/firebase-auth.js","auth/cordova":"https://www.gstatic.com/firebasejs/10.7.1/firebase-auth/cordova.js","functions":"https://www.gstatic.com/firebasejs/10.7.1/firebase-functions.js","firestore":"https://www.gstatic.com/firebasejs/10.7.1/firebase-firestore.js","firestore/lite":"https://www.gstatic.com/firebasejs/10.7.1/firebase-firestore/lite.js","installations":"https://www.gstatic.com/firebasejs/10.7.1/firebase-installations.js","storage":"https://www.gstatic.com/firebasejs/10.7.1/firebase-storage.js","performance":"https://www.gstatic.com/firebasejs/10.7.1/firebase-performance.js","remote-config":"https://www.gstatic.com/firebasejs/10.7.1/firebase-remote-config.js","messaging":"https://www.gstatic.com/firebasejs/10.7.1/firebase-messaging.js","messaging/sw":"https://www.gstatic.com/firebasejs/10.7.1/firebase-messaging/sw.js","database":"https://www.gstatic.com/firebasejs/10.7.1/firebase-database.js","firestore.memory":"https://www.gstatic.com/firebasejs/10.7.1/firebase-firestore.memory.js"}}
[info] +  Wrote public/index.html 
[info] 
[info] i  Detected a .git folder at C:\Users\alexa\alina\hygge\test-task-angular-developer-image-gallery 
[info] i  Authorizing with GitHub to upload your service account to a GitHub repository's secrets store. 
[info] 
[info] Visit this URL on this device to log in:
[info] https://github.com/login/oauth/authorize?client_id=89cf50f02ac6aaed3484&state=395728067&redirect_uri=http%3A%2F%2Flocalhost%3A9005&scope=read%3Auser%20repo%20public_repo
[info] 
[info] Waiting for authentication...
[debug] [2023-12-06T11:28:59.538Z] >>> [apiv2][query] POST https://github.com/login/oauth/access_token [none]
[debug] [2023-12-06T11:28:59.538Z] >>> [apiv2][body] POST https://github.com/login/oauth/access_token [stream]
[debug] [2023-12-06T11:28:59.890Z] <<< [apiv2][status] POST https://github.com/login/oauth/access_token 200
[debug] [2023-12-06T11:28:59.890Z] <<< [apiv2][body] POST https://github.com/login/oauth/access_token {"access_token":"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","token_type":"bearer","scope":"read:user,repo"}
[debug] [2023-12-06T11:28:59.914Z] >>> [apiv2][query] GET https://api.github.com/user [none]
[debug] [2023-12-06T11:29:00.265Z] <<< [apiv2][status] GET https://api.github.com/user 200
[debug] [2023-12-06T11:29:00.266Z] <<< [apiv2][body] GET https://api.github.com/user {"login":"Alina-Yermolenko","id":90688525,"node_id":"MDQ6VXNlcjkwNjg4NTI1","avatar_url":"https://avatars.githubusercontent.com/u/90688525?v=4","gravatar_id":"","url":"https://api.github.com/users/Alina-Yermolenko","html_url":"https://github.com/Alina-Yermolenko","followers_url":"https://api.github.com/users/Alina-Yermolenko/followers","following_url":"https://api.github.com/users/Alina-Yermolenko/following{/other_user}","gists_url":"https://api.github.com/users/Alina-Yermolenko/gists{/gist_id}","starred_url":"https://api.github.com/users/Alina-Yermolenko/starred{/owner}{/repo}","subscriptions_url":"https://api.github.com/users/Alina-Yermolenko/subscriptions","organizations_url":"https://api.github.com/users/Alina-Yermolenko/orgs","repos_url":"https://api.github.com/users/Alina-Yermolenko/repos","events_url":"https://api.github.com/users/Alina-Yermolenko/events{/privacy}","received_events_url":"https://api.github.com/users/Alina-Yermolenko/received_events","type":"User","site_admin":false,"name":"Alina Yermolenko","company":null,"blog":"","location":null,"email":null,"hireable":null,"bio":null,"twitter_username":null,"public_repos":102,"public_gists":0,"followers":0,"following":0,"created_at":"2021-09-14T09:48:05Z","updated_at":"2023-12-04T13:54:09Z","private_gists":0,"total_private_repos":8,"owned_private_repos":8,"disk_usage":286183,"collaborators":1,"two_factor_authentication":false,"plan":{"name":"free","space":976562499,"collaborators":0,"private_repos":10000}}
[info] 
[info] +  Success! Logged into GitHub as Alina-Yermolenko 
[info] 
[debug] [2023-12-06T11:29:21.597Z] >>> [apiv2][query] GET https://api.github.com/repos/alinayermolenko/angular-test/actions/secrets/public-key type=owner
[debug] [2023-12-06T11:29:21.942Z] <<< [apiv2][status] GET https://api.github.com/repos/alinayermolenko/angular-test/actions/secrets/public-key 404
[debug] [2023-12-06T11:29:21.942Z] <<< [apiv2][body] GET https://api.github.com/repos/alinayermolenko/angular-test/actions/secrets/public-key {"message":"Not Found","documentation_url":"https://docs.github.com/rest/actions/secrets#get-a-repository-public-key"}
[info] 
[info] 
[error] !  The provided authorization cannot be used with this repository. If this repository is in an organization, did you remember to grant access? 
[info] 
[info] i  Action required: Visit this URL to ensure access has been granted to the appropriate organization(s) for the Firebase CLI GitHub OAuth App: 
[info] https://github.com/settings/connections/applications/89cf50f02ac6aaed3484
[info] 
[debug] [2023-12-06T11:31:15.958Z] >>> [apiv2][query] GET https://api.github.com/repos/alinayermolenko/angular-firebase-images/actions/secrets/public-key type=owner
[debug] [2023-12-06T11:31:16.258Z] <<< [apiv2][status] GET https://api.github.com/repos/alinayermolenko/angular-firebase-images/actions/secrets/public-key 404
[debug] [2023-12-06T11:31:16.258Z] <<< [apiv2][body] GET https://api.github.com/repos/alinayermolenko/angular-firebase-images/actions/secrets/public-key {"message":"Not Found","documentation_url":"https://docs.github.com/rest/actions/secrets#get-a-repository-public-key"}
[info] 
[info] 
[error] !  The provided authorization cannot be used with this repository. If this repository is in an organization, did you remember to grant access? 
[info] 
[info] i  Action required: Visit this URL to ensure access has been granted to the appropriate organization(s) for the Firebase CLI GitHub OAuth App: 
[info] https://github.com/settings/connections/applications/89cf50f02ac6aaed3484
[info] 
